<?xml version="1.0" encoding="UTF-8"?>
<testsuite xmlns:xsi="http://www.w3.org/2001/XMLSchema-instance" xsi:noNamespaceSchemaLocation="https://maven.apache.org/surefire/maven-surefire-plugin/xsd/surefire-test-report.xsd" name="Cucumberframework_dataset.AppTest" time="0.027" tests="1" errors="0" skipped="0" failures="0">
  <properties>
    <property name="sun.desktop" value="windows"/>
    <property name="awt.toolkit" value="sun.awt.windows.WToolkit"/>
    <property name="java.specification.version" value="11"/>
    <property name="sun.cpu.isalist" value="amd64"/>
    <property name="sun.jnu.encoding" value="Cp1252"/>
    <property name="java.class.path" value="C:\Users\Sanketh.Shanbhag\Documents\OneDrive - SmartBear Software, Inc\2021\Cucumber\junit\CucumberFramework_Datasets\Cucumberframework_dataset\target\test-classes;C:\Users\Sanketh.Shanbhag\Documents\OneDrive - SmartBear Software, Inc\2021\Cucumber\junit\CucumberFramework_Datasets\Cucumberframework_dataset\target\classes;C:\Users\Sanketh.Shanbhag\.m2\repository\org\seleniumhq\selenium\selenium-java\3.141.59\selenium-java-3.141.59.jar;C:\Users\Sanketh.Shanbhag\.m2\repository\org\seleniumhq\selenium\selenium-api\3.141.59\selenium-api-3.141.59.jar;C:\Users\Sanketh.Shanbhag\.m2\repository\org\seleniumhq\selenium\selenium-chrome-driver\3.141.59\selenium-chrome-driver-3.141.59.jar;C:\Users\Sanketh.Shanbhag\.m2\repository\org\seleniumhq\selenium\selenium-edge-driver\3.141.59\selenium-edge-driver-3.141.59.jar;C:\Users\Sanketh.Shanbhag\.m2\repository\org\seleniumhq\selenium\selenium-firefox-driver\3.141.59\selenium-firefox-driver-3.141.59.jar;C:\Users\Sanketh.Shanbhag\.m2\repository\org\seleniumhq\selenium\selenium-ie-driver\3.141.59\selenium-ie-driver-3.141.59.jar;C:\Users\Sanketh.Shanbhag\.m2\repository\org\seleniumhq\selenium\selenium-opera-driver\3.141.59\selenium-opera-driver-3.141.59.jar;C:\Users\Sanketh.Shanbhag\.m2\repository\org\seleniumhq\selenium\selenium-remote-driver\3.141.59\selenium-remote-driver-3.141.59.jar;C:\Users\Sanketh.Shanbhag\.m2\repository\org\seleniumhq\selenium\selenium-safari-driver\3.141.59\selenium-safari-driver-3.141.59.jar;C:\Users\Sanketh.Shanbhag\.m2\repository\org\seleniumhq\selenium\selenium-support\3.141.59\selenium-support-3.141.59.jar;C:\Users\Sanketh.Shanbhag\.m2\repository\net\bytebuddy\byte-buddy\1.8.15\byte-buddy-1.8.15.jar;C:\Users\Sanketh.Shanbhag\.m2\repository\org\apache\commons\commons-exec\1.3\commons-exec-1.3.jar;C:\Users\Sanketh.Shanbhag\.m2\repository\com\google\guava\guava\25.0-jre\guava-25.0-jre.jar;C:\Users\Sanketh.Shanbhag\.m2\repository\com\google\code\findbugs\jsr305\1.3.9\jsr305-1.3.9.jar;C:\Users\Sanketh.Shanbhag\.m2\repository\org\checkerframework\checker-compat-qual\2.0.0\checker-compat-qual-2.0.0.jar;C:\Users\Sanketh.Shanbhag\.m2\repository\com\google\errorprone\error_prone_annotations\2.1.3\error_prone_annotations-2.1.3.jar;C:\Users\Sanketh.Shanbhag\.m2\repository\com\google\j2objc\j2objc-annotations\1.1\j2objc-annotations-1.1.jar;C:\Users\Sanketh.Shanbhag\.m2\repository\org\codehaus\mojo\animal-sniffer-annotations\1.14\animal-sniffer-annotations-1.14.jar;C:\Users\Sanketh.Shanbhag\.m2\repository\com\squareup\okhttp3\okhttp\3.11.0\okhttp-3.11.0.jar;C:\Users\Sanketh.Shanbhag\.m2\repository\com\squareup\okio\okio\1.14.0\okio-1.14.0.jar;C:\Users\Sanketh.Shanbhag\.m2\repository\junit\junit\4.12\junit-4.12.jar;C:\Users\Sanketh.Shanbhag\.m2\repository\org\hamcrest\hamcrest-core\1.3\hamcrest-core-1.3.jar;C:\Users\Sanketh.Shanbhag\.m2\repository\info\cukes\cucumber-junit\1.2.5\cucumber-junit-1.2.5.jar;C:\Users\Sanketh.Shanbhag\.m2\repository\info\cukes\cucumber-core\1.2.5\cucumber-core-1.2.5.jar;C:\Users\Sanketh.Shanbhag\.m2\repository\info\cukes\cucumber-html\0.2.3\cucumber-html-0.2.3.jar;C:\Users\Sanketh.Shanbhag\.m2\repository\info\cukes\cucumber-java\1.2.5\cucumber-java-1.2.5.jar;C:\Users\Sanketh.Shanbhag\.m2\repository\info\cukes\cucumber-jvm-deps\1.0.5\cucumber-jvm-deps-1.0.5.jar;C:\Users\Sanketh.Shanbhag\.m2\repository\info\cukes\gherkin\2.12.2\gherkin-2.12.2.jar;C:\Users\Sanketh.Shanbhag\.m2\repository\org\hamcrest\hamcrest-all\1.3\hamcrest-all-1.3.jar;C:\Users\Sanketh.Shanbhag\.m2\repository\info\cukes\cucumber-picocontainer\1.2.5\cucumber-picocontainer-1.2.5.jar;C:\Users\Sanketh.Shanbhag\.m2\repository\org\picocontainer\picocontainer\2.15\picocontainer-2.15.jar;C:\Users\Sanketh.Shanbhag\.m2\repository\info\cukes\cucumber-testng\1.2.5\cucumber-testng-1.2.5.jar;C:\Users\Sanketh.Shanbhag\.m2\repository\org\testng\testng\6.9.10\testng-6.9.10.jar;C:\Users\Sanketh.Shanbhag\.m2\repository\com\beust\jcommander\1.48\jcommander-1.48.jar;C:\Users\Sanketh.Shanbhag\.m2\repository\org\beanshell\bsh\2.0b4\bsh-2.0b4.jar;C:\Users\Sanketh.Shanbhag\.m2\repository\com\aventstack\extentreports\3.0.5\extentreports-3.0.5.jar;C:\Users\Sanketh.Shanbhag\.m2\repository\org\mongodb\mongodb-driver\3.3.0\mongodb-driver-3.3.0.jar;C:\Users\Sanketh.Shanbhag\.m2\repository\org\mongodb\bson\3.3.0\bson-3.3.0.jar;C:\Users\Sanketh.Shanbhag\.m2\repository\org\mongodb\mongodb-driver-core\3.3.0\mongodb-driver-core-3.3.0.jar;C:\Users\Sanketh.Shanbhag\.m2\repository\org\jsoup\jsoup\1.9.2\jsoup-1.9.2.jar;C:\Users\Sanketh.Shanbhag\.m2\repository\org\freemarker\freemarker\2.3.26-incubating\freemarker-2.3.26-incubating.jar;C:\Users\Sanketh.Shanbhag\.m2\repository\net\masterthought\cucumber-reporting\3.6.0\cucumber-reporting-3.6.0.jar;C:\Users\Sanketh.Shanbhag\.m2\repository\org\apache\logging\log4j\log4j-api\2.6\log4j-api-2.6.jar;C:\Users\Sanketh.Shanbhag\.m2\repository\org\apache\logging\log4j\log4j-core\2.6\log4j-core-2.6.jar;C:\Users\Sanketh.Shanbhag\.m2\repository\com\fasterxml\jackson\core\jackson-databind\2.8.5\jackson-databind-2.8.5.jar;C:\Users\Sanketh.Shanbhag\.m2\repository\com\fasterxml\jackson\core\jackson-annotations\2.8.0\jackson-annotations-2.8.0.jar;C:\Users\Sanketh.Shanbhag\.m2\repository\com\fasterxml\jackson\core\jackson-core\2.8.5\jackson-core-2.8.5.jar;C:\Users\Sanketh.Shanbhag\.m2\repository\org\apache\velocity\velocity\1.7\velocity-1.7.jar;C:\Users\Sanketh.Shanbhag\.m2\repository\commons-collections\commons-collections\3.2.1\commons-collections-3.2.1.jar;C:\Users\Sanketh.Shanbhag\.m2\repository\commons-lang\commons-lang\2.4\commons-lang-2.4.jar;C:\Users\Sanketh.Shanbhag\.m2\repository\velocity-tools\velocity-tools\1.4\velocity-tools-1.4.jar;C:\Users\Sanketh.Shanbhag\.m2\repository\joda-time\joda-time\2.9.6\joda-time-2.9.6.jar;C:\Users\Sanketh.Shanbhag\.m2\repository\org\apache\commons\commons-lang3\3.5\commons-lang3-3.5.jar;C:\Users\Sanketh.Shanbhag\.m2\repository\commons-io\commons-io\2.5\commons-io-2.5.jar;C:\Users\Sanketh.Shanbhag\.m2\repository\net\lingala\zip4j\zip4j\1.3.2\zip4j-1.3.2.jar;C:\Users\Sanketh.Shanbhag\.m2\repository\org\codehaus\plexus\plexus-utils\3.0.24\plexus-utils-3.0.24.jar;C:\Users\Sanketh.Shanbhag\.m2\repository\com\vimalselvam\cucumber-extentsreport\2.0.4\cucumber-extentsreport-2.0.4.jar;C:\Users\Sanketh.Shanbhag\.m2\repository\com\mashape\unirest\unirest-java\1.3.0\unirest-java-1.3.0.jar;C:\Users\Sanketh.Shanbhag\.m2\repository\org\apache\httpcomponents\httpclient\4.3\httpclient-4.3.jar;C:\Users\Sanketh.Shanbhag\.m2\repository\org\apache\httpcomponents\httpcore\4.3\httpcore-4.3.jar;C:\Users\Sanketh.Shanbhag\.m2\repository\commons-logging\commons-logging\1.1.3\commons-logging-1.1.3.jar;C:\Users\Sanketh.Shanbhag\.m2\repository\commons-codec\commons-codec\1.6\commons-codec-1.6.jar;C:\Users\Sanketh.Shanbhag\.m2\repository\org\apache\httpcomponents\httpasyncclient\4.0-beta4\httpasyncclient-4.0-beta4.jar;C:\Users\Sanketh.Shanbhag\.m2\repository\org\apache\httpcomponents\httpcore-nio\4.3-beta2\httpcore-nio-4.3-beta2.jar;C:\Users\Sanketh.Shanbhag\.m2\repository\org\apache\httpcomponents\httpmime\4.3\httpmime-4.3.jar;C:\Users\Sanketh.Shanbhag\.m2\repository\org\json\json\20090211\json-20090211.jar;C:\Users\Sanketh.Shanbhag\.m2\repository\org\apache\maven\surefire\surefire-testng-utils\2.22.0\surefire-testng-utils-2.22.0.jar;C:\Users\Sanketh.Shanbhag\.m2\repository\org\apache\maven\surefire\surefire-grouper\2.22.0\surefire-grouper-2.22.0.jar;"/>
    <property name="java.vm.vendor" value="Oracle Corporation"/>
    <property name="sun.arch.data.model" value="64"/>
    <property name="user.variant" value=""/>
    <property name="java.vendor.url" value="https://openjdk.java.net/"/>
    <property name="user.timezone" value="Asia/Calcutta"/>
    <property name="java.vm.specification.version" value="11"/>
    <property name="os.name" value="Windows 10"/>
    <property name="sun.java.launcher" value="SUN_STANDARD"/>
    <property name="user.country" value="IN"/>
    <property name="sun.boot.library.path" value="C:\Program Files\Java\jdk-11.0.11\bin"/>
    <property name="sun.java.command" value="C:\Users\SANKET~1.SHA\AppData\Local\Temp\surefire8010181649940845980\surefirebooter8370669042417539914.jar C:\Users\Sanketh.Shanbhag\AppData\Local\Temp\surefire8010181649940845980 2021-06-16T13-22-17_398-jvmRun1 surefire7688481602757945912tmp surefire_06145192240083236418tmp"/>
    <property name="jdk.debug" value="release"/>
    <property name="surefire.test.class.path" value="C:\Users\Sanketh.Shanbhag\Documents\OneDrive - SmartBear Software, Inc\2021\Cucumber\junit\CucumberFramework_Datasets\Cucumberframework_dataset\target\test-classes;C:\Users\Sanketh.Shanbhag\Documents\OneDrive - SmartBear Software, Inc\2021\Cucumber\junit\CucumberFramework_Datasets\Cucumberframework_dataset\target\classes;C:\Users\Sanketh.Shanbhag\.m2\repository\org\seleniumhq\selenium\selenium-java\3.141.59\selenium-java-3.141.59.jar;C:\Users\Sanketh.Shanbhag\.m2\repository\org\seleniumhq\selenium\selenium-api\3.141.59\selenium-api-3.141.59.jar;C:\Users\Sanketh.Shanbhag\.m2\repository\org\seleniumhq\selenium\selenium-chrome-driver\3.141.59\selenium-chrome-driver-3.141.59.jar;C:\Users\Sanketh.Shanbhag\.m2\repository\org\seleniumhq\selenium\selenium-edge-driver\3.141.59\selenium-edge-driver-3.141.59.jar;C:\Users\Sanketh.Shanbhag\.m2\repository\org\seleniumhq\selenium\selenium-firefox-driver\3.141.59\selenium-firefox-driver-3.141.59.jar;C:\Users\Sanketh.Shanbhag\.m2\repository\org\seleniumhq\selenium\selenium-ie-driver\3.141.59\selenium-ie-driver-3.141.59.jar;C:\Users\Sanketh.Shanbhag\.m2\repository\org\seleniumhq\selenium\selenium-opera-driver\3.141.59\selenium-opera-driver-3.141.59.jar;C:\Users\Sanketh.Shanbhag\.m2\repository\org\seleniumhq\selenium\selenium-remote-driver\3.141.59\selenium-remote-driver-3.141.59.jar;C:\Users\Sanketh.Shanbhag\.m2\repository\org\seleniumhq\selenium\selenium-safari-driver\3.141.59\selenium-safari-driver-3.141.59.jar;C:\Users\Sanketh.Shanbhag\.m2\repository\org\seleniumhq\selenium\selenium-support\3.141.59\selenium-support-3.141.59.jar;C:\Users\Sanketh.Shanbhag\.m2\repository\net\bytebuddy\byte-buddy\1.8.15\byte-buddy-1.8.15.jar;C:\Users\Sanketh.Shanbhag\.m2\repository\org\apache\commons\commons-exec\1.3\commons-exec-1.3.jar;C:\Users\Sanketh.Shanbhag\.m2\repository\com\google\guava\guava\25.0-jre\guava-25.0-jre.jar;C:\Users\Sanketh.Shanbhag\.m2\repository\com\google\code\findbugs\jsr305\1.3.9\jsr305-1.3.9.jar;C:\Users\Sanketh.Shanbhag\.m2\repository\org\checkerframework\checker-compat-qual\2.0.0\checker-compat-qual-2.0.0.jar;C:\Users\Sanketh.Shanbhag\.m2\repository\com\google\errorprone\error_prone_annotations\2.1.3\error_prone_annotations-2.1.3.jar;C:\Users\Sanketh.Shanbhag\.m2\repository\com\google\j2objc\j2objc-annotations\1.1\j2objc-annotations-1.1.jar;C:\Users\Sanketh.Shanbhag\.m2\repository\org\codehaus\mojo\animal-sniffer-annotations\1.14\animal-sniffer-annotations-1.14.jar;C:\Users\Sanketh.Shanbhag\.m2\repository\com\squareup\okhttp3\okhttp\3.11.0\okhttp-3.11.0.jar;C:\Users\Sanketh.Shanbhag\.m2\repository\com\squareup\okio\okio\1.14.0\okio-1.14.0.jar;C:\Users\Sanketh.Shanbhag\.m2\repository\junit\junit\4.12\junit-4.12.jar;C:\Users\Sanketh.Shanbhag\.m2\repository\org\hamcrest\hamcrest-core\1.3\hamcrest-core-1.3.jar;C:\Users\Sanketh.Shanbhag\.m2\repository\info\cukes\cucumber-junit\1.2.5\cucumber-junit-1.2.5.jar;C:\Users\Sanketh.Shanbhag\.m2\repository\info\cukes\cucumber-core\1.2.5\cucumber-core-1.2.5.jar;C:\Users\Sanketh.Shanbhag\.m2\repository\info\cukes\cucumber-html\0.2.3\cucumber-html-0.2.3.jar;C:\Users\Sanketh.Shanbhag\.m2\repository\info\cukes\cucumber-java\1.2.5\cucumber-java-1.2.5.jar;C:\Users\Sanketh.Shanbhag\.m2\repository\info\cukes\cucumber-jvm-deps\1.0.5\cucumber-jvm-deps-1.0.5.jar;C:\Users\Sanketh.Shanbhag\.m2\repository\info\cukes\gherkin\2.12.2\gherkin-2.12.2.jar;C:\Users\Sanketh.Shanbhag\.m2\repository\org\hamcrest\hamcrest-all\1.3\hamcrest-all-1.3.jar;C:\Users\Sanketh.Shanbhag\.m2\repository\info\cukes\cucumber-picocontainer\1.2.5\cucumber-picocontainer-1.2.5.jar;C:\Users\Sanketh.Shanbhag\.m2\repository\org\picocontainer\picocontainer\2.15\picocontainer-2.15.jar;C:\Users\Sanketh.Shanbhag\.m2\repository\info\cukes\cucumber-testng\1.2.5\cucumber-testng-1.2.5.jar;C:\Users\Sanketh.Shanbhag\.m2\repository\org\testng\testng\6.9.10\testng-6.9.10.jar;C:\Users\Sanketh.Shanbhag\.m2\repository\com\beust\jcommander\1.48\jcommander-1.48.jar;C:\Users\Sanketh.Shanbhag\.m2\repository\org\beanshell\bsh\2.0b4\bsh-2.0b4.jar;C:\Users\Sanketh.Shanbhag\.m2\repository\com\aventstack\extentreports\3.0.5\extentreports-3.0.5.jar;C:\Users\Sanketh.Shanbhag\.m2\repository\org\mongodb\mongodb-driver\3.3.0\mongodb-driver-3.3.0.jar;C:\Users\Sanketh.Shanbhag\.m2\repository\org\mongodb\bson\3.3.0\bson-3.3.0.jar;C:\Users\Sanketh.Shanbhag\.m2\repository\org\mongodb\mongodb-driver-core\3.3.0\mongodb-driver-core-3.3.0.jar;C:\Users\Sanketh.Shanbhag\.m2\repository\org\jsoup\jsoup\1.9.2\jsoup-1.9.2.jar;C:\Users\Sanketh.Shanbhag\.m2\repository\org\freemarker\freemarker\2.3.26-incubating\freemarker-2.3.26-incubating.jar;C:\Users\Sanketh.Shanbhag\.m2\repository\net\masterthought\cucumber-reporting\3.6.0\cucumber-reporting-3.6.0.jar;C:\Users\Sanketh.Shanbhag\.m2\repository\org\apache\logging\log4j\log4j-api\2.6\log4j-api-2.6.jar;C:\Users\Sanketh.Shanbhag\.m2\repository\org\apache\logging\log4j\log4j-core\2.6\log4j-core-2.6.jar;C:\Users\Sanketh.Shanbhag\.m2\repository\com\fasterxml\jackson\core\jackson-databind\2.8.5\jackson-databind-2.8.5.jar;C:\Users\Sanketh.Shanbhag\.m2\repository\com\fasterxml\jackson\core\jackson-annotations\2.8.0\jackson-annotations-2.8.0.jar;C:\Users\Sanketh.Shanbhag\.m2\repository\com\fasterxml\jackson\core\jackson-core\2.8.5\jackson-core-2.8.5.jar;C:\Users\Sanketh.Shanbhag\.m2\repository\org\apache\velocity\velocity\1.7\velocity-1.7.jar;C:\Users\Sanketh.Shanbhag\.m2\repository\commons-collections\commons-collections\3.2.1\commons-collections-3.2.1.jar;C:\Users\Sanketh.Shanbhag\.m2\repository\commons-lang\commons-lang\2.4\commons-lang-2.4.jar;C:\Users\Sanketh.Shanbhag\.m2\repository\velocity-tools\velocity-tools\1.4\velocity-tools-1.4.jar;C:\Users\Sanketh.Shanbhag\.m2\repository\joda-time\joda-time\2.9.6\joda-time-2.9.6.jar;C:\Users\Sanketh.Shanbhag\.m2\repository\org\apache\commons\commons-lang3\3.5\commons-lang3-3.5.jar;C:\Users\Sanketh.Shanbhag\.m2\repository\commons-io\commons-io\2.5\commons-io-2.5.jar;C:\Users\Sanketh.Shanbhag\.m2\repository\net\lingala\zip4j\zip4j\1.3.2\zip4j-1.3.2.jar;C:\Users\Sanketh.Shanbhag\.m2\repository\org\codehaus\plexus\plexus-utils\3.0.24\plexus-utils-3.0.24.jar;C:\Users\Sanketh.Shanbhag\.m2\repository\com\vimalselvam\cucumber-extentsreport\2.0.4\cucumber-extentsreport-2.0.4.jar;C:\Users\Sanketh.Shanbhag\.m2\repository\com\mashape\unirest\unirest-java\1.3.0\unirest-java-1.3.0.jar;C:\Users\Sanketh.Shanbhag\.m2\repository\org\apache\httpcomponents\httpclient\4.3\httpclient-4.3.jar;C:\Users\Sanketh.Shanbhag\.m2\repository\org\apache\httpcomponents\httpcore\4.3\httpcore-4.3.jar;C:\Users\Sanketh.Shanbhag\.m2\repository\commons-logging\commons-logging\1.1.3\commons-logging-1.1.3.jar;C:\Users\Sanketh.Shanbhag\.m2\repository\commons-codec\commons-codec\1.6\commons-codec-1.6.jar;C:\Users\Sanketh.Shanbhag\.m2\repository\org\apache\httpcomponents\httpasyncclient\4.0-beta4\httpasyncclient-4.0-beta4.jar;C:\Users\Sanketh.Shanbhag\.m2\repository\org\apache\httpcomponents\httpcore-nio\4.3-beta2\httpcore-nio-4.3-beta2.jar;C:\Users\Sanketh.Shanbhag\.m2\repository\org\apache\httpcomponents\httpmime\4.3\httpmime-4.3.jar;C:\Users\Sanketh.Shanbhag\.m2\repository\org\json\json\20090211\json-20090211.jar;C:\Users\Sanketh.Shanbhag\.m2\repository\org\apache\maven\surefire\surefire-testng-utils\2.22.0\surefire-testng-utils-2.22.0.jar;C:\Users\Sanketh.Shanbhag\.m2\repository\org\apache\maven\surefire\surefire-grouper\2.22.0\surefire-grouper-2.22.0.jar;"/>
    <property name="sun.cpu.endian" value="little"/>
    <property name="user.home" value="C:\Users\Sanketh.Shanbhag"/>
    <property name="user.language" value="en"/>
    <property name="java.specification.vendor" value="Oracle Corporation"/>
    <property name="java.version.date" value="2021-04-20"/>
    <property name="java.home" value="C:\Program Files\Java\jdk-11.0.11"/>
    <property name="file.separator" value="\"/>
    <property name="basedir" value="C:\Users\Sanketh.Shanbhag\Documents\OneDrive - SmartBear Software, Inc\2021\Cucumber\junit\CucumberFramework_Datasets\Cucumberframework_dataset"/>
    <property name="java.vm.compressedOopsMode" value="Zero based"/>
    <property name="line.separator" value="&#10;"/>
    <property name="java.specification.name" value="Java Platform API Specification"/>
    <property name="java.vm.specification.vendor" value="Oracle Corporation"/>
    <property name="java.awt.graphicsenv" value="sun.awt.Win32GraphicsEnvironment"/>
    <property name="surefire.real.class.path" value="C:\Users\SANKET~1.SHA\AppData\Local\Temp\surefire8010181649940845980\surefirebooter8370669042417539914.jar"/>
    <property name="user.script" value=""/>
    <property name="sun.management.compiler" value="HotSpot 64-Bit Tiered Compilers"/>
    <property name="java.runtime.version" value="11.0.11+9-LTS-194"/>
    <property name="user.name" value="Sanketh.Shanbhag"/>
    <property name="path.separator" value=";"/>
    <property name="os.version" value="10.0"/>
    <property name="java.runtime.name" value="Java(TM) SE Runtime Environment"/>
    <property name="file.encoding" value="Cp1252"/>
    <property name="java.vm.name" value="Java HotSpot(TM) 64-Bit Server VM"/>
    <property name="java.vendor.version" value="18.9"/>
    <property name="localRepository" value="C:\Users\Sanketh.Shanbhag\.m2\repository"/>
    <property name="java.vendor.url.bug" value="https://bugreport.java.com/bugreport/"/>
    <property name="java.io.tmpdir" value="C:\Users\SANKET~1.SHA\AppData\Local\Temp\"/>
    <property name="java.version" value="11.0.11"/>
    <property name="user.dir" value="C:\Users\Sanketh.Shanbhag\Documents\OneDrive - SmartBear Software, Inc\2021\Cucumber\junit\CucumberFramework_Datasets\Cucumberframework_dataset"/>
    <property name="os.arch" value="amd64"/>
    <property name="java.vm.specification.name" value="Java Virtual Machine Specification"/>
    <property name="java.awt.printerjob" value="sun.awt.windows.WPrinterJob"/>
    <property name="sun.os.patch.level" value=""/>
    <property name="java.library.path" value="C:\Program Files\Java\jdk-11.0.11\bin;C:\WINDOWS\Sun\Java\bin;C:\WINDOWS\system32;C:\WINDOWS;C:/Program Files/Java/jdk-11.0.11/bin/server;C:/Program Files/Java/jdk-11.0.11/bin;C:\Program Files (x86)\Common Files\Oracle\Java\javapath;C:\Program Files\Common Files\Oracle\Java\javapath;C:\WINDOWS\system32;C:\WINDOWS;C:\WINDOWS\System32\Wbem;C:\WINDOWS\System32\WindowsPowerShell\v1.0\;C:\WINDOWS\System32\OpenSSH\;C:\Program Files\Docker\Docker\resources\bin;C:\ProgramData\DockerDesktop\version-bin;C:\Program Files\Git\cmd;C:\Users\Sanketh.Shanbhag\AppData\Roaming\Python\Python39\site-packages;C:\Program Files (x86)\Plantronics\Spokes3G\;C:\Users\Sanketh.Shanbhag\AppData\Local\Android\Sdk\platform-tools;C:\Users\Sanketh.Shanbhag\AppData\Local\Android\Sdk\tools;C:\Users\Sanketh.Shanbhag\AppData\Local\Programs\Python\Python39\Scripts\;C:\Users\Sanketh.Shanbhag\AppData\Local\Programs\Python\Python39\;C:\Users\Sanketh.Shanbhag\AppData\Local\Microsoft\WindowsApps;C:\Users\Sanketh.Shanbhag\AppData\Local\Programs\Microsoft VS Code\bin;C:\Users\Sanketh.Shanbhag\AppData\Local\GitHubDesktop\bin;C:\Program Files\heroku\bin;C:\Program Files\JetBrains\PyCharm Community Edition 2021.1.1\bin;;C:\WINDOWS\System32;;."/>
    <property name="java.vendor" value="Oracle Corporation"/>
    <property name="java.vm.info" value="mixed mode"/>
    <property name="java.vm.version" value="11.0.11+9-LTS-194"/>
    <property name="sun.io.unicode.encoding" value="UnicodeLittle"/>
    <property name="java.class.version" value="55.0"/>
  </properties>
  <testcase name="testApp" classname="Cucumberframework_dataset.AppTest" time="0.006"/>
</testsuite>